<?xml version="1.0" encoding="UTF-8"?>
<testsuite xmlns:xsi="http://www.w3.org/2001/XMLSchema-instance" xsi:noNamespaceSchemaLocation="https://maven.apache.org/surefire/maven-surefire-plugin/xsd/surefire-test-report.xsd" name="co.edu.escuelaing.sparkdockerdemolive.SparkWebServerTest" time="0.212" tests="1" errors="0" skipped="0" failures="0">
  <properties>
    <property name="sun.desktop" value="windows"/>
    <property name="awt.toolkit" value="sun.awt.windows.WToolkit"/>
    <property name="file.encoding.pkg" value="sun.io"/>
    <property name="java.specification.version" value="1.8"/>
    <property name="sun.cpu.isalist" value="amd64"/>
    <property name="sun.jnu.encoding" value="Cp1252"/>
    <property name="java.class.path" value="C:\Users\Camis\Desktop\AREP\TallerDocker-AWS\target\test-classes;C:\Users\Camis\Desktop\AREP\TallerDocker-AWS\target\classes;C:\Users\Camis\.m2\repository\junit\junit\4.11\junit-4.11.jar;C:\Users\Camis\.m2\repository\org\hamcrest\hamcrest-core\1.3\hamcrest-core-1.3.jar;C:\Users\Camis\.m2\repository\com\sparkjava\spark-core\2.9.3\spark-core-2.9.3.jar;C:\Users\Camis\.m2\repository\org\slf4j\slf4j-api\1.7.25\slf4j-api-1.7.25.jar;C:\Users\Camis\.m2\repository\org\eclipse\jetty\jetty-server\9.4.31.v20200723\jetty-server-9.4.31.v20200723.jar;C:\Users\Camis\.m2\repository\javax\servlet\javax.servlet-api\3.1.0\javax.servlet-api-3.1.0.jar;C:\Users\Camis\.m2\repository\org\eclipse\jetty\jetty-http\9.4.31.v20200723\jetty-http-9.4.31.v20200723.jar;C:\Users\Camis\.m2\repository\org\eclipse\jetty\jetty-util\9.4.31.v20200723\jetty-util-9.4.31.v20200723.jar;C:\Users\Camis\.m2\repository\org\eclipse\jetty\jetty-io\9.4.31.v20200723\jetty-io-9.4.31.v20200723.jar;C:\Users\Camis\.m2\repository\org\eclipse\jetty\jetty-webapp\9.4.31.v20200723\jetty-webapp-9.4.31.v20200723.jar;C:\Users\Camis\.m2\repository\org\eclipse\jetty\jetty-xml\9.4.31.v20200723\jetty-xml-9.4.31.v20200723.jar;C:\Users\Camis\.m2\repository\org\eclipse\jetty\jetty-servlet\9.4.31.v20200723\jetty-servlet-9.4.31.v20200723.jar;C:\Users\Camis\.m2\repository\org\eclipse\jetty\jetty-security\9.4.31.v20200723\jetty-security-9.4.31.v20200723.jar;C:\Users\Camis\.m2\repository\org\eclipse\jetty\websocket\websocket-server\9.4.31.v20200723\websocket-server-9.4.31.v20200723.jar;C:\Users\Camis\.m2\repository\org\eclipse\jetty\websocket\websocket-common\9.4.31.v20200723\websocket-common-9.4.31.v20200723.jar;C:\Users\Camis\.m2\repository\org\eclipse\jetty\websocket\websocket-client\9.4.31.v20200723\websocket-client-9.4.31.v20200723.jar;C:\Users\Camis\.m2\repository\org\eclipse\jetty\jetty-client\9.4.31.v20200723\jetty-client-9.4.31.v20200723.jar;C:\Users\Camis\.m2\repository\org\eclipse\jetty\websocket\websocket-servlet\9.4.31.v20200723\websocket-servlet-9.4.31.v20200723.jar;C:\Users\Camis\.m2\repository\org\eclipse\jetty\websocket\websocket-api\9.4.31.v20200723\websocket-api-9.4.31.v20200723.jar;C:\Users\Camis\.m2\repository\org\slf4j\slf4j-simple\1.7.32\slf4j-simple-1.7.32.jar;"/>
    <property name="java.vm.vendor" value="Temurin"/>
    <property name="sun.arch.data.model" value="64"/>
    <property name="user.variant" value=""/>
    <property name="java.vendor.url" value="https://adoptium.net/"/>
    <property name="user.timezone" value="America/Bogota"/>
    <property name="java.vm.specification.version" value="1.8"/>
    <property name="os.name" value="Windows 10"/>
    <property name="user.country" value="CO"/>
    <property name="sun.java.launcher" value="SUN_STANDARD"/>
    <property name="sun.boot.library.path" value="C:\Users\Camis\.jdks\temurin-1.8.0_302\jre\bin"/>
    <property name="sun.java.command" value="C:\Users\Camis\AppData\Local\Temp\surefire7786268195145325936\surefirebooter5113561801584715237.jar C:\Users\Camis\AppData\Local\Temp\surefire7786268195145325936 2021-09-23T10-08-46_819-jvmRun1 surefire181219816481957136tmp surefire_01242812871129496777tmp"/>
    <property name="surefire.test.class.path" value="C:\Users\Camis\Desktop\AREP\TallerDocker-AWS\target\test-classes;C:\Users\Camis\Desktop\AREP\TallerDocker-AWS\target\classes;C:\Users\Camis\.m2\repository\junit\junit\4.11\junit-4.11.jar;C:\Users\Camis\.m2\repository\org\hamcrest\hamcrest-core\1.3\hamcrest-core-1.3.jar;C:\Users\Camis\.m2\repository\com\sparkjava\spark-core\2.9.3\spark-core-2.9.3.jar;C:\Users\Camis\.m2\repository\org\slf4j\slf4j-api\1.7.25\slf4j-api-1.7.25.jar;C:\Users\Camis\.m2\repository\org\eclipse\jetty\jetty-server\9.4.31.v20200723\jetty-server-9.4.31.v20200723.jar;C:\Users\Camis\.m2\repository\javax\servlet\javax.servlet-api\3.1.0\javax.servlet-api-3.1.0.jar;C:\Users\Camis\.m2\repository\org\eclipse\jetty\jetty-http\9.4.31.v20200723\jetty-http-9.4.31.v20200723.jar;C:\Users\Camis\.m2\repository\org\eclipse\jetty\jetty-util\9.4.31.v20200723\jetty-util-9.4.31.v20200723.jar;C:\Users\Camis\.m2\repository\org\eclipse\jetty\jetty-io\9.4.31.v20200723\jetty-io-9.4.31.v20200723.jar;C:\Users\Camis\.m2\repository\org\eclipse\jetty\jetty-webapp\9.4.31.v20200723\jetty-webapp-9.4.31.v20200723.jar;C:\Users\Camis\.m2\repository\org\eclipse\jetty\jetty-xml\9.4.31.v20200723\jetty-xml-9.4.31.v20200723.jar;C:\Users\Camis\.m2\repository\org\eclipse\jetty\jetty-servlet\9.4.31.v20200723\jetty-servlet-9.4.31.v20200723.jar;C:\Users\Camis\.m2\repository\org\eclipse\jetty\jetty-security\9.4.31.v20200723\jetty-security-9.4.31.v20200723.jar;C:\Users\Camis\.m2\repository\org\eclipse\jetty\websocket\websocket-server\9.4.31.v20200723\websocket-server-9.4.31.v20200723.jar;C:\Users\Camis\.m2\repository\org\eclipse\jetty\websocket\websocket-common\9.4.31.v20200723\websocket-common-9.4.31.v20200723.jar;C:\Users\Camis\.m2\repository\org\eclipse\jetty\websocket\websocket-client\9.4.31.v20200723\websocket-client-9.4.31.v20200723.jar;C:\Users\Camis\.m2\repository\org\eclipse\jetty\jetty-client\9.4.31.v20200723\jetty-client-9.4.31.v20200723.jar;C:\Users\Camis\.m2\repository\org\eclipse\jetty\websocket\websocket-servlet\9.4.31.v20200723\websocket-servlet-9.4.31.v20200723.jar;C:\Users\Camis\.m2\repository\org\eclipse\jetty\websocket\websocket-api\9.4.31.v20200723\websocket-api-9.4.31.v20200723.jar;C:\Users\Camis\.m2\repository\org\slf4j\slf4j-simple\1.7.32\slf4j-simple-1.7.32.jar;"/>
    <property name="sun.cpu.endian" value="little"/>
    <property name="user.home" value="C:\Users\Camis"/>
    <property name="user.language" value="es"/>
    <property name="java.specification.vendor" value="Oracle Corporation"/>
    <property name="java.home" value="C:\Users\Camis\.jdks\temurin-1.8.0_302\jre"/>
    <property name="basedir" value="C:\Users\Camis\Desktop\AREP\TallerDocker-AWS"/>
    <property name="file.separator" value="\"/>
    <property name="line.separator" value="&#10;"/>
    <property name="java.vm.specification.vendor" value="Oracle Corporation"/>
    <property name="java.specification.name" value="Java Platform API Specification"/>
    <property name="java.awt.graphicsenv" value="sun.awt.Win32GraphicsEnvironment"/>
    <property name="surefire.real.class.path" value="C:\Users\Camis\AppData\Local\Temp\surefire7786268195145325936\surefirebooter5113561801584715237.jar"/>
    <property name="sun.boot.class.path" value="C:\Users\Camis\.jdks\temurin-1.8.0_302\jre\lib\resources.jar;C:\Users\Camis\.jdks\temurin-1.8.0_302\jre\lib\rt.jar;C:\Users\Camis\.jdks\temurin-1.8.0_302\jre\lib\sunrsasign.jar;C:\Users\Camis\.jdks\temurin-1.8.0_302\jre\lib\jsse.jar;C:\Users\Camis\.jdks\temurin-1.8.0_302\jre\lib\jce.jar;C:\Users\Camis\.jdks\temurin-1.8.0_302\jre\lib\charsets.jar;C:\Users\Camis\.jdks\temurin-1.8.0_302\jre\lib\jfr.jar;C:\Users\Camis\.jdks\temurin-1.8.0_302\jre\classes"/>
    <property name="user.script" value=""/>
    <property name="sun.management.compiler" value="HotSpot 64-Bit Tiered Compilers"/>
    <property name="java.runtime.version" value="1.8.0_302-b08"/>
    <property name="user.name" value="Camis"/>
    <property name="path.separator" value=";"/>
    <property name="os.version" value="10.0"/>
    <property name="java.endorsed.dirs" value="C:\Users\Camis\.jdks\temurin-1.8.0_302\jre\lib\endorsed"/>
    <property name="java.runtime.name" value="OpenJDK Runtime Environment"/>
    <property name="file.encoding" value="Cp1252"/>
    <property name="java.vm.name" value="OpenJDK 64-Bit Server VM"/>
    <property name="localRepository" value="C:\Users\Camis\.m2\repository"/>
    <property name="java.vendor.url.bug" value="https://github.com/adoptium/adoptium-support/issues"/>
    <property name="java.io.tmpdir" value="C:\Users\Camis\AppData\Local\Temp\"/>
    <property name="idea.version" value="2021.2.1"/>
    <property name="java.version" value="1.8.0_302"/>
    <property name="user.dir" value="C:\Users\Camis\Desktop\AREP\TallerDocker-AWS"/>
    <property name="os.arch" value="amd64"/>
    <property name="java.vm.specification.name" value="Java Virtual Machine Specification"/>
    <property name="java.awt.printerjob" value="sun.awt.windows.WPrinterJob"/>
    <property name="sun.os.patch.level" value=""/>
    <property name="java.library.path" value="C:\Users\Camis\.jdks\temurin-1.8.0_302\jre\bin;C:\Windows\Sun\Java\bin;C:\Windows\system32;C:\Windows;C:\Program Files (x86)\Common Files\Oracle\Java\javapath;C:\Program Files (x86)\Intel\iCLS Client\;C:\Program Files\Intel\iCLS Client\;C:\Windows\system32;C:\Windows;C:\Windows\System32\Wbem;C:\Windows\System32\WindowsPowerShell\v1.0\;C:\Windows\System32\OpenSSH\;C:\Program Files (x86)\Intel\Intel(R) Management Engine Components\DAL;C:\Program Files\Intel\Intel(R) Management Engine Components\DAL;C:\Program Files (x86)\Intel\Intel(R) Management Engine Components\IPT;C:\Program Files\Intel\Intel(R) Management Engine Components\IPT;%JAVA_HOME%\bin;C:\Users\Camis\Desktop\apache-maven-3.8.2-bin\apache-maven-3.8.2\bin\bin;;C:\Program Files\Docker\Docker\resources\bin;C:\ProgramData\DockerDesktop\version-bin;C:\Program Files (x86)\Java\jre1.8.0_301\bin;."/>
    <property name="java.vm.info" value="mixed mode"/>
    <property name="java.vendor" value="Temurin"/>
    <property name="java.vm.version" value="25.302-b08"/>
    <property name="java.ext.dirs" value="C:\Users\Camis\.jdks\temurin-1.8.0_302\jre\lib\ext;C:\Windows\Sun\Java\lib\ext"/>
    <property name="sun.io.unicode.encoding" value="UnicodeLittle"/>
    <property name="java.class.version" value="52.0"/>
  </properties>
  <testcase name="shouldAnswerWithTrue" classname="co.edu.escuelaing.sparkdockerdemolive.SparkWebServerTest" time="0.005"/>
</testsuite>